#
# A fatal error has been detected by the Java Runtime Environment:
#
#  SIGSEGV (0xb) at pc=0x00007f776decc468, pid=9288, tid=0x00007f773b738700
#
# JRE version: Java(TM) SE Runtime Environment (8.0_131-b11) (build 1.8.0_131-b11)
# Java VM: Java HotSpot(TM) 64-Bit Server VM (25.131-b11 mixed mode linux-amd64 compressed oops)
# Problematic frame:
# C  [libopencv_java401.so+0xf2468]  Java_org_opencv_core_Mat_nGet+0xd88
#
# Failed to write core dump. Core dumps have been disabled. To enable core dumping, try "ulimit -c unlimited" before starting Java again
#
# If you would like to submit a bug report, please visit:
#   http://bugreport.java.com/bugreport/crash.jsp
# The crash happened outside the Java Virtual Machine in native code.
# See problematic frame for where to report the bug.
#

---------------  T H R E A D  ---------------

Current thread (0x00007f77a431d000):  JavaThread "Thread-1" [_thread_in_native, id=9312, stack(0x00007f773b638000,0x00007f773b739000)]

siginfo: si_signo: 11 (SIGSEGV), si_code: 2 (SEGV_ACCERR), si_addr: 0x00007f76f3ffcbc1

Registers:
RAX=0x0000000000000000, RBX=0xffffffffffffcb80, RCX=0x0000000000000003, RDX=0x00007f76f3ffcb01
RSP=0x00007f773b7365f0, RBP=0x00007f77a431d1f8, RSI=0x0000000000000003, RDI=0x00007f76f3ffcbc1
R8 =0x00007f773b736600, R9 =0x0000000000000003, R10=0x00007f773b736601, R11=0x00007f77ab650190
R12=0x00007f7734000a30, R13=0x00007f7717f4b1d0, R14=0xffffffffffffffc1, R15=0x00007f77a431d000
RIP=0x00007f776decc468, EFLAGS=0x0000000000010246, CSGSFS=0x002b000000000033, ERR=0x0000000000000004
  TRAPNO=0x000000000000000e

Top of Stack: (sp=0x00007f773b7365f0)
0x00007f773b7365f0:   00007f7700000006 0000000000000058
0x00007f773b736600:   0000000094ba8a58 00007f7734000020
0x00007f773b736610:   000000000012c010 00007f7744315afd
0x00007f773b736620:   0000000000000040 000000000012c030
0x00007f773b736630:   0000000000000a00 00007f77abd00cae
0x00007f773b736640:   000000000012c000 00007f773b7366a8
0x00007f773b736650:   0000000000000040 00007f7734000020
0x00007f773b736660:   0000000000000000 00007f77abd0571d
0x00007f773b736670:   00007f7794d711f8 000000000012c000
0x00007f773b736680:   00007f773b736810 0000000000000005
0x00007f773b736690:   00007f77a4316cf0 00007f7734000020
0x00007f773b7366a0:   0000000000000058 0000000000000005
0x00007f773b7366b0:   00007f77a4316cf0 0000000000000000
0x00007f773b7366c0:   00007f773499ab40 00007f77abd02184
0x00007f773b7366d0:   00007f010000005c 00007f773b7372f0
0x00007f773b7366e0:   00007f773b736810 00007f7794dbb5a0
0x00007f773b7366f0:   00007f773b7372f0 00007f7794c3b180
0x00007f773b736700:   00007f77a4316cf0 000000000012c000
0x00007f773b736710:   00007f773b736840 00007f77a431df60
0x00007f773b736720:   00007f773b736840 00007f7794b95d60
0x00007f773b736730:   00007f773b7367d0 00007f77ab13999b
0x00007f773b736740:   00007f7700000100 00007f77ab78e1bf
0x00007f773b736750:   00007f7794c39388 00007f77a40c7500
0x00007f773b736760:   00007f77a4006b00 ffffffff00000003
0x00007f773b736770:   00007f773b736850 000001c6ab56ba2e
0x00007f773b736780:   00007f7794899218 00007f7794af72a0
0x00007f773b736790:   00007f7794c39368 35732e82b7ebef00
0x00007f773b7367a0:   00007f7794c39348 00007f77344e2b80
0x00007f773b7367b0:   00007f773b736890 00007f773499ab40
0x00007f773b7367c0:   0000000000000a00 00007f7734742a40
0x00007f773b7367d0:   00007f773b737148 00007f77444c731e
0x00007f773b7367e0:   00007f7700000100 00007f773b7368d0 

Instructions: (pc=0x00007f776decc468)
0x00007f776decc448:   11 04 00 48 83 c0 08 48 39 d0 75 ec e9 87 fc ff
0x00007f776decc458:   ff 48 98 48 8d 70 01 31 c0 0f 1f 80 00 00 00 00
0x00007f776decc468:   0f b6 14 07 66 0f ef c0 f2 0f 2a c2 f2 41 0f 11
0x00007f776decc478:   04 c0 48 83 c0 01 48 39 f0 75 e5 e9 58 fc ff ff 

Register to memory mapping:

RAX=0x0000000000000000 is an unknown value
RBX=0xffffffffffffcb80 is an unknown value
RCX=0x0000000000000003 is an unknown value
RDX=0x00007f76f3ffcb01 is an unknown value
RSP=0x00007f773b7365f0 is pointing into the stack for thread: 0x00007f77a431d000
RBP=0x00007f77a431d1f8 is an unknown value
RSI=0x0000000000000003 is an unknown value
RDI=0x00007f76f3ffcbc1 is an unknown value
R8 =0x00007f773b736600 is pointing into the stack for thread: 0x00007f77a431d000
R9 =0x0000000000000003 is an unknown value
R10=0x00007f773b736601 is pointing into the stack for thread: 0x00007f77a431d000
R11=0x00007f77ab650190: <offset 0x9c5190> in /usr/lib/jvm/jdk1.8.0_131/jre/lib/amd64/server/libjvm.so at 0x00007f77aac8b000
R12=0x00007f7734000a30 is an unknown value
R13=0x00007f7717f4b1d0 is an unknown value
R14=0xffffffffffffffc1 is an unknown value
R15=0x00007f77a431d000 is a thread


Stack: [0x00007f773b638000,0x00007f773b739000],  sp=0x00007f773b7365f0,  free space=1017k
Native frames: (J=compiled Java code, j=interpreted, Vv=VM code, C=native code)
C  [libopencv_java401.so+0xf2468]  Java_org_opencv_core_Mat_nGet+0xd88

Java frames: (J=compiled Java code, j=interpreted, Vv=VM code)
j  org.opencv.core.Mat.nGet(JII)[D+0
j  org.opencv.core.Mat.get(II)[D+6
j  AI.util.PointCloud.Calculate(LAI/Models/Info;DD)V+22
j  AI.AILogic.ProcessImages()V+72
j  AI.AILogic.Thread()V+1
j  AI.AIBaseLogic.run()V+25
j  java.lang.Thread.run()V+11
v  ~StubRoutines::call_stub

---------------  P R O C E S S  ---------------

Java Threads: ( => current thread )
  0x00007f772c033800 JavaThread "Thread-11" [_thread_in_native, id=9319, stack(0x00007f773af31000,0x00007f773b032000)]
  0x00007f772c032000 JavaThread "Thread-10" [_thread_in_native, id=9318, stack(0x00007f773b032000,0x00007f773b133000)]
  0x00007f772c030800 JavaThread "Thread-8" [_thread_in_native, id=9317, stack(0x00007f773b133000,0x00007f773b234000)]
  0x00007f7730001000 JavaThread "Thread-6" [_thread_blocked, id=9316, stack(0x00007f773b234000,0x00007f773b335000)]
  0x00007f77a4009800 JavaThread "DestroyJavaVM" [_thread_blocked, id=9292, stack(0x00007f77ac778000,0x00007f77ac879000)]
  0x00007f7734001000 JavaThread "Thread-4" [_thread_blocked, id=9315, stack(0x00007f773b335000,0x00007f773b436000)]
  0x00007f77a4320000 JavaThread "Thread-3" [_thread_blocked, id=9314, stack(0x00007f773b436000,0x00007f773b537000)]
=>0x00007f77a431d000 JavaThread "Thread-1" [_thread_in_native, id=9312, stack(0x00007f773b638000,0x00007f773b739000)]
  0x00007f77a40cb000 JavaThread "Service Thread" daemon [_thread_blocked, id=9310, stack(0x00007f776e20c000,0x00007f776e30d000)]
  0x00007f77a40c8000 JavaThread "C1 CompilerThread3" daemon [_thread_blocked, id=9309, stack(0x00007f776e30d000,0x00007f776e40e000)]
  0x00007f77a40c6800 JavaThread "C2 CompilerThread2" daemon [_thread_blocked, id=9308, stack(0x00007f776e40e000,0x00007f776e50f000)]
  0x00007f77a40c4800 JavaThread "C2 CompilerThread1" daemon [_thread_blocked, id=9307, stack(0x00007f776e50f000,0x00007f776e610000)]
  0x00007f77a40c1800 JavaThread "C2 CompilerThread0" daemon [_thread_blocked, id=9306, stack(0x00007f776e610000,0x00007f776e711000)]
  0x00007f77a40c0000 JavaThread "Signal Dispatcher" daemon [_thread_blocked, id=9305, stack(0x00007f776e711000,0x00007f776e812000)]
  0x00007f77a408c000 JavaThread "Finalizer" daemon [_thread_blocked, id=9304, stack(0x00007f776eaeb000,0x00007f776ebec000)]
  0x00007f77a4087800 JavaThread "Reference Handler" daemon [_thread_blocked, id=9303, stack(0x00007f776ebec000,0x00007f776eced000)]

Other Threads:
  0x00007f77a407f800 VMThread [stack: 0x00007f776eced000,0x00007f776edee000] [id=9302]
  0x00007f77a40ce000 WatcherThread [stack: 0x00007f776e10b000,0x00007f776e20c000] [id=9311]

VM state:not at safepoint (normal execution)

VM Mutex/Monitor currently owned by a thread: None

Heap:
 PSYoungGen      total 36864K, used 24762K [0x00000000d7300000, 0x00000000d9c00000, 0x0000000100000000)
  eden space 31744K, 78% used [0x00000000d7300000,0x00000000d8b2e858,0x00000000d9200000)
  from space 5120K, 0% used [0x00000000d9700000,0x00000000d9700000,0x00000000d9c00000)
  to   space 5120K, 0% used [0x00000000d9200000,0x00000000d9200000,0x00000000d9700000)
 ParOldGen       total 84992K, used 0K [0x0000000085800000, 0x000000008ab00000, 0x00000000d7300000)
  object space 84992K, 0% used [0x0000000085800000,0x0000000085800000,0x000000008ab00000)
 Metaspace       used 6544K, capacity 6774K, committed 7040K, reserved 1056768K
  class space    used 708K, capacity 781K, committed 896K, reserved 1048576K

Card table byte_map: [0x00007f77a9150000,0x00007f77a9525000] byte_map_base: 0x00007f77a8d24000

Marking Bits: (ParMarkBitMap*) 0x00007f77abc50f60
 Begin Bits: [0x00007f77742c0000, 0x00007f7776160000)
 End Bits:   [0x00007f7776160000, 0x00007f7778000000)

Polling page: 0x00007f77ac8a2000

CodeCache: size=245760Kb used=2170Kb max_used=2170Kb free=243589Kb
 bounds [0x00007f7795000000, 0x00007f7795270000, 0x00007f77a4000000]
 total_blobs=1045 nmethods=467 adapters=492
 compilation: enabled

Compilation events (10 events):
Event: 3,578 Thread 0x00007f77a40c8000  463       3       java.util.Formatter$Conversion::isValid (47 bytes)
Event: 3,579 Thread 0x00007f77a40c8000 nmethod 463 0x00007f779521d690 code [0x00007f779521d840, 0x00007f779521dc88]
Event: 3,579 Thread 0x00007f77a40c8000  464       3       java.lang.Character::isUpperCase (5 bytes)
Event: 3,580 Thread 0x00007f77a40c8000 nmethod 464 0x00007f779521dd90 code [0x00007f779521df40, 0x00007f779521e3b8]
Event: 3,607 Thread 0x00007f77a40c8000  465       3       java.util.Formatter::locale (9 bytes)
Event: 3,607 Thread 0x00007f77a40c8000 nmethod 465 0x00007f779521e590 code [0x00007f779521e700, 0x00007f779521e968]
Event: 3,682 Thread 0x00007f77a40c8000  466       3       java.io.BufferedOutputStream::flushBuffer (29 bytes)
Event: 3,682 Thread 0x00007f77a40c8000 nmethod 466 0x00007f779521ea90 code [0x00007f779521ec00, 0x00007f779521ee68]
Event: 3,682 Thread 0x00007f77a40c8000  467       3       java.io.OutputStream::flush (1 bytes)
Event: 3,683 Thread 0x00007f77a40c8000 nmethod 467 0x00007f779521ef10 code [0x00007f779521f060, 0x00007f779521f1b0]

GC Heap History (0 events):
No events

Deoptimization events (3 events):
Event: 0,326 Thread 0x00007f77a431e800 Uncommon trap: reason=unstable_if action=reinterpret pc=0x00007f779513de50 method=java.lang.String.substring(I)Ljava/lang/String; @ 35
Event: 0,403 Thread 0x00007f77a431e800 Uncommon trap: reason=unstable_if action=reinterpret pc=0x00007f77951ace64 method=java.lang.String.indexOf([CII[CIII)I @ 3
Event: 0,834 Thread 0x00007f77a431d000 Uncommon trap: reason=unstable_if action=reinterpret pc=0x00007f77951e5798 method=AI.util.MotionDetection.UpdatePosition(LAI/Models/Info;)V @ 116

Internal exceptions (10 events):
Event: 0,160 Thread 0x00007f77a4009800 Exception <a 'java/io/FileNotFoundException'> (0x00000000d756ddb8) thrown at [/HUDSON/workspace/8-2-build-linux-amd64/jdk8u131/8869/hotspot/src/share/vm/prims/jni.cpp, line 709]
Event: 0,173 Thread 0x00007f77a4009800 Exception <a 'java/security/PrivilegedActionException'> (0x00000000d75a5d18) thrown at [/HUDSON/workspace/8-2-build-linux-amd64/jdk8u131/8869/hotspot/src/share/vm/prims/jvm.cpp, line 1390]
Event: 0,173 Thread 0x00007f77a4009800 Exception <a 'java/security/PrivilegedActionException'> (0x00000000d75a5f28) thrown at [/HUDSON/workspace/8-2-build-linux-amd64/jdk8u131/8869/hotspot/src/share/vm/prims/jvm.cpp, line 1390]
Event: 0,173 Thread 0x00007f77a4009800 Exception <a 'java/security/PrivilegedActionException'> (0x00000000d75a8510) thrown at [/HUDSON/workspace/8-2-build-linux-amd64/jdk8u131/8869/hotspot/src/share/vm/prims/jvm.cpp, line 1390]
Event: 0,173 Thread 0x00007f77a4009800 Exception <a 'java/security/PrivilegedActionException'> (0x00000000d75a8720) thrown at [/HUDSON/workspace/8-2-build-linux-amd64/jdk8u131/8869/hotspot/src/share/vm/prims/jvm.cpp, line 1390]
Event: 0,202 Thread 0x00007f77a4009800 Exception <a 'java/lang/NullPointerException'> (0x00000000d76133b0) thrown at [/HUDSON/workspace/8-2-build-linux-amd64/jdk8u131/8869/hotspot/src/share/vm/interpreter/linkResolver.cpp, line 1197]
Event: 0,319 Thread 0x00007f77a4009800 Exception <a 'java/lang/NullPointerException'> (0x00000000d76590f0) thrown at [/HUDSON/workspace/8-2-build-linux-amd64/jdk8u131/8869/hotspot/src/share/vm/interpreter/linkResolver.cpp, line 1197]
Event: 0,358 Thread 0x00007f7734001000 Exception <a 'java/lang/NoSuchFieldError': method resolution failed> (0x00000000d79f5dd8) thrown at [/HUDSON/workspace/8-2-build-linux-amd64/jdk8u131/8869/hotspot/src/share/vm/prims/methodHandles.cpp, line 1146]
Event: 0,360 Thread 0x00007f7734001000 Exception <a 'java/lang/NoSuchFieldError': method resolution failed> (0x00000000d7a03178) thrown at [/HUDSON/workspace/8-2-build-linux-amd64/jdk8u131/8869/hotspot/src/share/vm/prims/methodHandles.cpp, line 1146]
Event: 0,398 Thread 0x00007f77a431e800 Exception <a 'java/lang/NoSuchMethodError': <clinit>> (0x00000000d7a81ee0) thrown at [/HUDSON/workspace/8-2-build-linux-amd64/jdk8u131/8869/hotspot/src/share/vm/prims/jni.cpp, line 1613]

Events (10 events):
Event: 0,952 loading class sun/misc/FormattedFloatingDecimal
Event: 0,952 loading class sun/misc/FormattedFloatingDecimal done
Event: 0,952 loading class sun/misc/FormattedFloatingDecimal$1
Event: 0,952 loading class sun/misc/FormattedFloatingDecimal$1 done
Event: 0,952 loading class sun/misc/FormattedFloatingDecimal$2
Event: 0,952 loading class sun/misc/FormattedFloatingDecimal$2 done
Event: 1,864 loading class org/opencv/imgcodecs/Imgcodecs
Event: 1,864 loading class org/opencv/imgcodecs/Imgcodecs done
Event: 1,865 loading class org/opencv/core/MatOfByte
Event: 1,865 loading class org/opencv/core/MatOfByte done


Dynamic libraries:
00400000-00401000 r-xp 00000000 08:05 2259511                            /usr/lib/jvm/jdk1.8.0_131/bin/java
00600000-00601000 rw-p 00000000 08:05 2259511                            /usr/lib/jvm/jdk1.8.0_131/bin/java
00cb9000-00cda000 rw-p 00000000 00:00 0                                  [heap]
85800000-8ab00000 rw-p 00000000 00:00 0 
8ab00000-d7300000 ---p 00000000 00:00 0 
d7300000-d9c00000 rw-p 00000000 00:00 0 
d9c00000-100000000 ---p 00000000 00:00 0 
100000000-1000e0000 rw-p 00000000 00:00 0 
1000e0000-140000000 ---p 00000000 00:00 0 
7f76f0000000-7f76f0021000 rw-p 00000000 00:00 0 
7f76f0021000-7f76f4000000 ---p 00000000 00:00 0 
7f76f4000000-7f76f4102000 rw-p 00000000 00:00 0 
7f76f4102000-7f76f8000000 ---p 00000000 00:00 0 
7f76f8000000-7f76f8021000 rw-p 00000000 00:00 0 
7f76f8021000-7f76fc000000 ---p 00000000 00:00 0 
7f7700000000-7f7700021000 rw-p 00000000 00:00 0 
7f7700021000-7f7704000000 ---p 00000000 00:00 0 
7f77077ff000-7f7707800000 ---p 00000000 00:00 0 
7f7707800000-7f7708000000 rw-p 00000000 00:00 0 
7f7708000000-7f7708021000 rw-p 00000000 00:00 0 
7f7708021000-7f770c000000 ---p 00000000 00:00 0 
7f770c000000-7f770c021000 rw-p 00000000 00:00 0 
7f770c021000-7f7710000000 ---p 00000000 00:00 0 
7f77137ff000-7f7713800000 ---p 00000000 00:00 0 
7f7713800000-7f7714000000 rw-p 00000000 00:00 0 
7f7714000000-7f7717f4c000 rw-p 00000000 00:00 0 
7f7717f4c000-7f7718000000 ---p 00000000 00:00 0 
7f7718000000-7f7718021000 rw-p 00000000 00:00 0 
7f7718021000-7f771c000000 ---p 00000000 00:00 0 
7f771c000000-7f771c021000 rw-p 00000000 00:00 0 
7f771c021000-7f7720000000 ---p 00000000 00:00 0 
7f7720000000-7f772062a000 rw-p 00000000 00:00 0 
7f772062a000-7f7724000000 ---p 00000000 00:00 0 
7f7724000000-7f772405e000 rw-p 00000000 00:00 0 
7f772405e000-7f7728000000 ---p 00000000 00:00 0 
7f7728000000-7f7728021000 rw-p 00000000 00:00 0 
7f7728021000-7f772c000000 ---p 00000000 00:00 0 
7f772c000000-7f772c035000 rw-p 00000000 00:00 0 
7f772c035000-7f7730000000 ---p 00000000 00:00 0 
7f7730000000-7f7730021000 rw-p 00000000 00:00 0 
7f7730021000-7f7734000000 ---p 00000000 00:00 0 
7f7734000000-7f7734ac7000 rw-p 00000000 00:00 0 
7f7734ac7000-7f7738000000 ---p 00000000 00:00 0 
7f77383a7000-7f773872c000 rw-p 00000000 00:00 0 
7f773872c000-7f773872d000 ---p 00000000 00:00 0 
7f773872d000-7f7738f2d000 rw-p 00000000 00:00 0 
7f7738f2d000-7f7738f2e000 ---p 00000000 00:00 0 
7f7738f2e000-7f773972e000 rw-p 00000000 00:00 0 
7f773972e000-7f773972f000 ---p 00000000 00:00 0 
7f773972f000-7f7739f2f000 rw-p 00000000 00:00 0 
7f7739f2f000-7f7739f30000 ---p 00000000 00:00 0 
7f7739f30000-7f773a730000 rw-p 00000000 00:00 0 
7f773a730000-7f773a731000 ---p 00000000 00:00 0 
7f773a731000-7f773af31000 rw-p 00000000 00:00 0 
7f773af31000-7f773af34000 ---p 00000000 00:00 0 
7f773af34000-7f773b032000 rw-p 00000000 00:00 0 
7f773b032000-7f773b035000 ---p 00000000 00:00 0 
7f773b035000-7f773b133000 rw-p 00000000 00:00 0 
7f773b133000-7f773b136000 ---p 00000000 00:00 0 
7f773b136000-7f773b234000 rw-p 00000000 00:00 0 
7f773b234000-7f773b237000 ---p 00000000 00:00 0 
7f773b237000-7f773b335000 rw-p 00000000 00:00 0 
7f773b335000-7f773b338000 ---p 00000000 00:00 0 
7f773b338000-7f773b436000 rw-p 00000000 00:00 0 
7f773b436000-7f773b439000 ---p 00000000 00:00 0 
7f773b439000-7f773b537000 rw-p 00000000 00:00 0 
7f773b537000-7f773b53a000 ---p 00000000 00:00 0 
7f773b53a000-7f773b638000 rw-p 00000000 00:00 0 
7f773b638000-7f773b63b000 ---p 00000000 00:00 0 
7f773b63b000-7f773b739000 rw-p 00000000 00:00 0 
7f773b739000-7f773b7cf000 r--s 001c2000 00:06 509                        /dev/video1
7f773b7cf000-7f773b865000 r--s 0012c000 00:06 509                        /dev/video1
7f773b865000-7f773b8fb000 r--s 00096000 00:06 509                        /dev/video1
7f773b8fb000-7f773b991000 r--s 00000000 00:06 509                        /dev/video1
7f773b991000-7f773bb0a000 rw-p 00000000 00:00 0 
7f773bb0a000-7f773bb18000 r-xp 00000000 08:05 264045                     /usr/lib/jni/librxtxSerial-2.2pre1.so
7f773bb18000-7f773bd17000 ---p 0000e000 08:05 264045                     /usr/lib/jni/librxtxSerial-2.2pre1.so
7f773bd17000-7f773bd18000 r--p 0000d000 08:05 264045                     /usr/lib/jni/librxtxSerial-2.2pre1.so
7f773bd18000-7f773bd19000 rw-p 0000e000 08:05 264045                     /usr/lib/jni/librxtxSerial-2.2pre1.so
7f773bd19000-7f773ed1a000 rw-p 00000000 00:00 0 
7f773ed1a000-7f773ed30000 r-xp 00000000 08:05 2730                       /usr/lib/jvm/jdk1.8.0_131/jre/lib/amd64/libnet.so
7f773ed30000-7f773ef30000 ---p 00016000 08:05 2730                       /usr/lib/jvm/jdk1.8.0_131/jre/lib/amd64/libnet.so
7f773ef30000-7f773ef31000 rw-p 00016000 08:05 2730                       /usr/lib/jvm/jdk1.8.0_131/jre/lib/amd64/libnet.so
7f773ef31000-7f773ef55000 r-xp 00000000 08:12 30554194                   /home/spy/Downloads/anaconda2/lib/liblzma.so.5.2.2
7f773ef55000-7f773f155000 ---p 00024000 08:12 30554194                   /home/spy/Downloads/anaconda2/lib/liblzma.so.5.2.2
7f773f155000-7f773f156000 rw-p 00024000 08:12 30554194                   /home/spy/Downloads/anaconda2/lib/liblzma.so.5.2.2
7f773f156000-7f773f16c000 r-xp 00000000 08:12 30554200                   /home/spy/Downloads/anaconda2/lib/libz.so.1.2.8
7f773f16c000-7f773f36b000 ---p 00016000 08:12 30554200                   /home/spy/Downloads/anaconda2/lib/libz.so.1.2.8
7f773f36b000-7f773f36c000 rw-p 00015000 08:12 30554200                   /home/spy/Downloads/anaconda2/lib/libz.so.1.2.8
7f773f36c000-7f773f3e4000 r-xp 00000000 08:12 30554056                   /home/spy/Downloads/anaconda2/lib/libtiff.so.5.2.4
7f773f3e4000-7f773f5e3000 ---p 00078000 08:12 30554056                   /home/spy/Downloads/anaconda2/lib/libtiff.so.5.2.4
7f773f5e3000-7f773f5ea000 rw-p 00077000 08:12 30554056                   /home/spy/Downloads/anaconda2/lib/libtiff.so.5.2.4
7f773f5ea000-7f773f62b000 r-xp 00000000 08:12 30554052                   /home/spy/Downloads/anaconda2/lib/libpng16.so.16.27.0
7f773f62b000-7f773f82b000 ---p 00041000 08:12 30554052                   /home/spy/Downloads/anaconda2/lib/libpng16.so.16.27.0
7f773f82b000-7f773f82c000 rw-p 00041000 08:12 30554052                   /home/spy/Downloads/anaconda2/lib/libpng16.so.16.27.0
7f773f82c000-7f773f867000 r-xp 00000000 08:12 30554045                   /home/spy/Downloads/anaconda2/lib/libjpeg.so.9.2.0
7f773f867000-7f773fa67000 ---p 0003b000 08:12 30554045                   /home/spy/Downloads/anaconda2/lib/libjpeg.so.9.2.0
7f773fa67000-7f773fa68000 rw-p 0003b000 08:12 30554045                   /home/spy/Downloads/anaconda2/lib/libjpeg.so.9.2.0
7f773fa68000-7f773fa7e000 r-xp 00000000 08:05 1971344                    /lib/x86_64-linux-gnu/libgcc_s.so.1
7f773fa7e000-7f773fc7d000 ---p 00016000 08:05 1971344                    /lib/x86_64-linux-gnu/libgcc_s.so.1
7f773fc7d000-7f773fc7e000 rw-p 00015000 08:05 1971344                    /lib/x86_64-linux-gnu/libgcc_s.so.1
7f773fc7e000-7f773fdf0000 r-xp 00000000 08:05 132310                     /usr/lib/x86_64-linux-gnu/libstdc++.so.6.0.21
7f773fdf0000-7f773fff0000 ---p 00172000 08:05 132310                     /usr/lib/x86_64-linux-gnu/libstdc++.so.6.0.21
7f773fff0000-7f773fffa000 r--p 00172000 08:05 132310                     /usr/lib/x86_64-linux-gnu/libstdc++.so.6.0.21
7f773fffa000-7f773fffc000 rw-p 0017c000 08:05 132310                     /usr/lib/x86_64-linux-gnu/libstdc++.so.6.0.21
7f773fffc000-7f7740000000 rw-p 00000000 00:00 0 
7f7740000000-7f7740021000 rw-p 00000000 00:00 0 
7f7740021000-7f7744000000 ---p 00000000 00:00 0 
7f774403f000-7f77440d5000 r--s 001c2000 00:06 506                        /dev/video0
7f77440d5000-7f7745164000 r-xp 00000000 08:12 11933121                   /home/spy/Downloads/Source/C/opencv/build/lib/libopencv_core.so.4.0.1
7f7745164000-7f7745364000 ---p 0108f000 08:12 11933121                   /home/spy/Downloads/Source/C/opencv/build/lib/libopencv_core.so.4.0.1
7f7745364000-7f7745376000 r--p 0108f000 08:12 11933121                   /home/spy/Downloads/Source/C/opencv/build/lib/libopencv_core.so.4.0.1
7f7745376000-7f774538e000 rw-p 010a1000 08:12 11933121                   /home/spy/Downloads/Source/C/opencv/build/lib/libopencv_core.so.4.0.1
7f774538e000-7f7745394000 rw-p 00000000 00:00 0 
7f7745394000-7f7746818000 r-xp 00000000 08:12 11933130                   /home/spy/Downloads/Source/C/opencv/build/lib/libopencv_imgproc.so.4.0.1
7f7746818000-7f7746a17000 ---p 01484000 08:12 11933130                   /home/spy/Downloads/Source/C/opencv/build/lib/libopencv_imgproc.so.4.0.1
7f7746a17000-7f7746a25000 r--p 01483000 08:12 11933130                   /home/spy/Downloads/Source/C/opencv/build/lib/libopencv_imgproc.so.4.0.1
7f7746a25000-7f7746a3f000 rw-p 01491000 08:12 11933130                   /home/spy/Downloads/Source/C/opencv/build/lib/libopencv_imgproc.so.4.0.1
7f7746a3f000-7f7746ade000 rw-p 00000000 00:00 0 
7f7746ade000-7f774729e000 r-xp 00000000 08:12 11933133                   /home/spy/Downloads/Source/C/opencv/build/lib/libopencv_imgcodecs.so.4.0.1
7f774729e000-7f774749d000 ---p 007c0000 08:12 11933133                   /home/spy/Downloads/Source/C/opencv/build/lib/libopencv_imgcodecs.so.4.0.1
7f774749d000-7f77474a7000 r--p 007bf000 08:12 11933133                   /home/spy/Downloads/Source/C/opencv/build/lib/libopencv_imgcodecs.so.4.0.1
7f77474a7000-7f77474b1000 rw-p 007c9000 08:12 11933133                   /home/spy/Downloads/Source/C/opencv/build/lib/libopencv_imgcodecs.so.4.0.1
7f77474b1000-7f77474bb000 rw-p 00000000 00:00 0 
7f77474bb000-7f77474f6000 r-xp 00000000 08:12 11933139                   /home/spy/Downloads/Source/C/opencv/build/lib/libopencv_videoio.so.4.0.1
7f77474f6000-7f77476f6000 ---p 0003b000 08:12 11933139                   /home/spy/Downloads/Source/C/opencv/build/lib/libopencv_videoio.so.4.0.1
7f77476f6000-7f77476f7000 r--p 0003b000 08:12 11933139                   /home/spy/Downloads/Source/C/opencv/build/lib/libopencv_videoio.so.4.0.1
7f77476f7000-7f77476f8000 rw-p 0003c000 08:12 11933139                   /home/spy/Downloads/Source/C/opencv/build/lib/libopencv_videoio.so.4.0.1
7f77476f8000-7f77476fb000 rw-p 00000000 00:00 0 
7f77476fb000-7f7747750000 r-xp 00000000 08:12 11933127                   /home/spy/Downloads/Source/C/opencv/build/lib/libopencv_flann.so.4.0.1
7f7747750000-7f7747950000 ---p 00055000 08:12 11933127                   /home/spy/Downloads/Source/C/opencv/build/lib/libopencv_flann.so.4.0.1
7f7747950000-7f7747952000 r--p 00055000 08:12 11933127                   /home/spy/Downloads/Source/C/opencv/build/lib/libopencv_flann.so.4.0.1
7f7747952000-7f7747953000 rw-p 00057000 08:12 11933127                   /home/spy/Downloads/Source/C/opencv/build/lib/libopencv_flann.so.4.0.1
7f7747953000-7f7747a22000 r-xp 00000000 08:12 11933151                   /home/spy/Downloads/Source/C/opencv/build/lib/libopencv_features2d.so.4.0.1
7f7747a22000-7f7747c21000 ---p 000cf000 08:12 11933151                   /home/spy/Downloads/Source/C/opencv/build/lib/libopencv_features2d.so.4.0.1
7f7747c21000-7f7747c26000 r--p 000ce000 08:12 11933151                   /home/spy/Downloads/Source/C/opencv/build/lib/libopencv_features2d.so.4.0.1
7f7747c26000-7f7747c28000 rw-p 000d3000 08:12 11933151                   /home/spy/Downloads/Source/C/opencv/build/lib/libopencv_features2d.so.4.0.1
7f7747c28000-7f7747c29000 rw-p 00000000 00:00 0 
7f7747c29000-7f7747dfb000 r-xp 00000000 08:12 11933155                   /home/spy/Downloads/Source/C/opencv/build/lib/libopencv_calib3d.so.4.0.1
7f7747dfb000-7f7747ffb000 ---p 001d2000 08:12 11933155                   /home/spy/Downloads/Source/C/opencv/build/lib/libopencv_calib3d.so.4.0.1
7f7747ffb000-7f7747ffe000 r--p 001d2000 08:12 11933155                   /home/spy/Downloads/Source/C/opencv/build/lib/libopencv_calib3d.so.4.0.1
7f7747ffe000-7f7747fff000 rw-p 001d5000 08:12 11933155                   /home/spy/Downloads/Source/C/opencv/build/lib/libopencv_calib3d.so.4.0.1
7f7747fff000-7f7748000000 rw-p 00000000 00:00 0 
7f7748000000-7f774820c000 rw-p 00000000 00:00 0 
7f774820c000-7f774c000000 ---p 00000000 00:00 0 
7f774c000000-7f774c021000 rw-p 00000000 00:00 0 
7f774c021000-7f7750000000 ---p 00000000 00:00 0 
7f7750000000-7f7750033000 rw-p 00000000 00:00 0 
7f7750033000-7f7754000000 ---p 00000000 00:00 0 
7f7754000000-7f7754031000 rw-p 00000000 00:00 0 
7f7754031000-7f7758000000 ---p 00000000 00:00 0 
7f7758000000-7f7758021000 rw-p 00000000 00:00 0 
7f7758021000-7f775c000000 ---p 00000000 00:00 0 
7f775c000000-7f775c124000 rw-p 00000000 00:00 0 
7f775c124000-7f7760000000 ---p 00000000 00:00 0 
7f7760000000-7f7760021000 rw-p 00000000 00:00 0 
7f7760021000-7f7764000000 ---p 00000000 00:00 0 
7f7764000000-7f7764021000 rw-p 00000000 00:00 0 
7f7764021000-7f7768000000 ---p 00000000 00:00 0 
7f7768000000-7f7768021000 rw-p 00000000 00:00 0 
7f7768021000-7f776c000000 ---p 00000000 00:00 0 
7f776c002000-7f776c098000 r--s 0012c000 00:06 506                        /dev/video0
7f776c098000-7f776c12e000 r--s 00096000 00:06 506                        /dev/video0
7f776c12e000-7f776c1a0000 r-xp 00000000 08:12 11933162                   /home/spy/Downloads/Source/C/opencv/build/lib/libopencv_video.so.4.0.1
7f776c1a0000-7f776c39f000 ---p 00072000 08:12 11933162                   /home/spy/Downloads/Source/C/opencv/build/lib/libopencv_video.so.4.0.1
7f776c39f000-7f776c3a1000 r--p 00071000 08:12 11933162                   /home/spy/Downloads/Source/C/opencv/build/lib/libopencv_video.so.4.0.1
7f776c3a1000-7f776c3a2000 rw-p 00073000 08:12 11933162                   /home/spy/Downloads/Source/C/opencv/build/lib/libopencv_video.so.4.0.1
7f776c3a2000-7f776c409000 r-xp 00000000 08:12 11933158                   /home/spy/Downloads/Source/C/opencv/build/lib/libopencv_objdetect.so.4.0.1
7f776c409000-7f776c608000 ---p 00067000 08:12 11933158                   /home/spy/Downloads/Source/C/opencv/build/lib/libopencv_objdetect.so.4.0.1
7f776c608000-7f776c60a000 r--p 00066000 08:12 11933158                   /home/spy/Downloads/Source/C/opencv/build/lib/libopencv_objdetect.so.4.0.1
7f776c60a000-7f776c60b000 rw-p 00068000 08:12 11933158                   /home/spy/Downloads/Source/C/opencv/build/lib/libopencv_objdetect.so.4.0.1
7f776c60b000-7f776d046000 r-xp 00000000 08:12 11933145                   /home/spy/Downloads/Source/C/opencv/build/lib/libopencv_dnn.so.4.0.1
7f776d046000-7f776d245000 ---p 00a3b000 08:12 11933145                   /home/spy/Downloads/Source/C/opencv/build/lib/libopencv_dnn.so.4.0.1
7f776d245000-7f776d25e000 r--p 00a3a000 08:12 11933145                   /home/spy/Downloads/Source/C/opencv/build/lib/libopencv_dnn.so.4.0.1
7f776d25e000-7f776d268000 rw-p 00a53000 08:12 11933145                   /home/spy/Downloads/Source/C/opencv/build/lib/libopencv_dnn.so.4.0.1
7f776d268000-7f776d26d000 rw-p 00000000 00:00 0 
7f776d26d000-7f776d909000 r-xp 00000000 08:12 11933136                   /home/spy/Downloads/Source/C/opencv/build/lib/libopencv_photo.so.4.0.1
7f776d909000-7f776db08000 ---p 0069c000 08:12 11933136                   /home/spy/Downloads/Source/C/opencv/build/lib/libopencv_photo.so.4.0.1
7f776db08000-7f776db0e000 r--p 0069b000 08:12 11933136                   /home/spy/Downloads/Source/C/opencv/build/lib/libopencv_photo.so.4.0.1
7f776db0e000-7f776db15000 rw-p 006a1000 08:12 11933136                   /home/spy/Downloads/Source/C/opencv/build/lib/libopencv_photo.so.4.0.1
7f776db15000-7f776dbd7000 r-xp 00000000 08:12 11933124                   /home/spy/Downloads/Source/C/opencv/build/lib/libopencv_ml.so.4.0.1
7f776dbd7000-7f776ddd6000 ---p 000c2000 08:12 11933124                   /home/spy/Downloads/Source/C/opencv/build/lib/libopencv_ml.so.4.0.1
7f776ddd6000-7f776ddd9000 r--p 000c1000 08:12 11933124                   /home/spy/Downloads/Source/C/opencv/build/lib/libopencv_ml.so.4.0.1
7f776ddd9000-7f776ddda000 rw-p 000c4000 08:12 11933124                   /home/spy/Downloads/Source/C/opencv/build/lib/libopencv_ml.so.4.0.1
7f776ddda000-7f776df09000 r-xp 00000000 08:12 11933167                   /home/spy/Downloads/Source/C/opencv/build/lib/libopencv_java401.so
7f776df09000-7f776e108000 ---p 0012f000 08:12 11933167                   /home/spy/Downloads/Source/C/opencv/build/lib/libopencv_java401.so
7f776e108000-7f776e109000 r--p 0012e000 08:12 11933167                   /home/spy/Downloads/Source/C/opencv/build/lib/libopencv_java401.so
7f776e109000-7f776e10b000 rw-p 0012f000 08:12 11933167                   /home/spy/Downloads/Source/C/opencv/build/lib/libopencv_java401.so
7f776e10b000-7f776e10c000 ---p 00000000 00:00 0 
7f776e10c000-7f776e20c000 rw-p 00000000 00:00 0 
7f776e20c000-7f776e20f000 ---p 00000000 00:00 0 
7f776e20f000-7f776e30d000 rw-p 00000000 00:00 0 
7f776e30d000-7f776e310000 ---p 00000000 00:00 0 
7f776e310000-7f776e40e000 rw-p 00000000 00:00 0 
7f776e40e000-7f776e411000 ---p 00000000 00:00 0 
7f776e411000-7f776e50f000 rw-p 00000000 00:00 0 
7f776e50f000-7f776e512000 ---p 00000000 00:00 0 
7f776e512000-7f776e610000 rw-p 00000000 00:00 0 
7f776e610000-7f776e613000 ---p 00000000 00:00 0 
7f776e613000-7f776e711000 rw-p 00000000 00:00 0 
7f776e711000-7f776e714000 ---p 00000000 00:00 0 
7f776e714000-7f776e812000 rw-p 00000000 00:00 0 
7f776e812000-7f776eaeb000 r--p 00000000 08:05 132909                     /usr/lib/locale/locale-archive
7f776eaeb000-7f776eaee000 ---p 00000000 00:00 0 
7f776eaee000-7f776ebec000 rw-p 00000000 00:00 0 
7f776ebec000-7f776ebef000 ---p 00000000 00:00 0 
7f776ebef000-7f776eced000 rw-p 00000000 00:00 0 
7f776eced000-7f776ecee000 ---p 00000000 00:00 0 
7f776ecee000-7f7770000000 rw-p 00000000 00:00 0 
7f7770000000-7f7770021000 rw-p 00000000 00:00 0 
7f7770021000-7f7774000000 ---p 00000000 00:00 0 
7f7774028000-7f77740be000 r--s 00000000 00:06 506                        /dev/video0
7f77740be000-7f7778000000 rw-p 00000000 00:00 0 
7f7778000000-7f7778021000 rw-p 00000000 00:00 0 
7f7778021000-7f777c000000 ---p 00000000 00:00 0 
7f777c000000-7f777c021000 rw-p 00000000 00:00 0 
7f777c021000-7f7780000000 ---p 00000000 00:00 0 
7f7780000000-7f7780021000 rw-p 00000000 00:00 0 
7f7780021000-7f7784000000 ---p 00000000 00:00 0 
7f7784000000-7f7784021000 rw-p 00000000 00:00 0 
7f7784021000-7f7788000000 ---p 00000000 00:00 0 
7f7788000000-7f7788021000 rw-p 00000000 00:00 0 
7f7788021000-7f778c000000 ---p 00000000 00:00 0 
7f778c000000-7f778c021000 rw-p 00000000 00:00 0 
7f778c021000-7f7790000000 ---p 00000000 00:00 0 
7f7790000000-7f7790021000 rw-p 00000000 00:00 0 
7f7790021000-7f7794000000 ---p 00000000 00:00 0 
7f7794017000-7f7794033000 r--s 00393000 08:05 2577                       /usr/lib/jvm/jdk1.8.0_131/jre/lib/ext/cldrdata.jar
7f7794033000-7f7794e00000 rw-p 00000000 00:00 0 
7f7794e00000-7f7795000000 ---p 00000000 00:00 0 
7f7795000000-7f7795270000 rwxp 00000000 00:00 0 
7f7795270000-7f77a4000000 ---p 00000000 00:00 0 
7f77a4000000-7f77a45a9000 rw-p 00000000 00:00 0 
7f77a45a9000-7f77a8000000 ---p 00000000 00:00 0 
7f77a8006000-7f77a8097000 rw-p 00000000 00:00 0 
7f77a8097000-7f77a8270000 r--s 03d40000 08:05 2521                       /usr/lib/jvm/jdk1.8.0_131/jre/lib/rt.jar
7f77a8270000-7f77a86ba000 rw-p 00000000 00:00 0 
7f77a86ba000-7f77a86bb000 ---p 00000000 00:00 0 
7f77a86bb000-7f77a87bb000 rw-p 00000000 00:00 0 
7f77a87bb000-7f77a87bc000 ---p 00000000 00:00 0 
7f77a87bc000-7f77a88bc000 rw-p 00000000 00:00 0 
7f77a88bc000-7f77a88bd000 ---p 00000000 00:00 0 
7f77a88bd000-7f77a89bd000 rw-p 00000000 00:00 0 
7f77a89bd000-7f77a89be000 ---p 00000000 00:00 0 
7f77a89be000-7f77a8abe000 rw-p 00000000 00:00 0 
7f77a8abe000-7f77a8abf000 ---p 00000000 00:00 0 
7f77a8abf000-7f77a8bbf000 rw-p 00000000 00:00 0 
7f77a8bbf000-7f77a8bc0000 ---p 00000000 00:00 0 
7f77a8bc0000-7f77a8cc0000 rw-p 00000000 00:00 0 
7f77a8cc0000-7f77a8cc1000 ---p 00000000 00:00 0 
7f77a8cc1000-7f77a8dc1000 rw-p 00000000 00:00 0 
7f77a8dc1000-7f77a8dc2000 ---p 00000000 00:00 0 
7f77a8dc2000-7f77a8eec000 rw-p 00000000 00:00 0 
7f77a8eec000-7f77a9150000 ---p 00000000 00:00 0 
7f77a9150000-7f77a917a000 rw-p 00000000 00:00 0 
7f77a917a000-7f77a93dd000 ---p 00000000 00:00 0 
7f77a93dd000-7f77a93f2000 rw-p 00000000 00:00 0 
7f77a93f2000-7f77a9524000 ---p 00000000 00:00 0 
7f77a9524000-7f77a952f000 rw-p 00000000 00:00 0 
7f77a952f000-7f77a98e5000 ---p 00000000 00:00 0 
7f77a98e5000-7f77a98ff000 r-xp 00000000 08:05 2726                       /usr/lib/jvm/jdk1.8.0_131/jre/lib/amd64/libzip.so
7f77a98ff000-7f77a9aff000 ---p 0001a000 08:05 2726                       /usr/lib/jvm/jdk1.8.0_131/jre/lib/amd64/libzip.so
7f77a9aff000-7f77a9b00000 rw-p 0001a000 08:05 2726                       /usr/lib/jvm/jdk1.8.0_131/jre/lib/amd64/libzip.so
7f77a9b00000-7f77a9b0b000 r-xp 00000000 08:05 1981349                    /lib/x86_64-linux-gnu/libnss_files-2.23.so
7f77a9b0b000-7f77a9d0a000 ---p 0000b000 08:05 1981349                    /lib/x86_64-linux-gnu/libnss_files-2.23.so
7f77a9d0a000-7f77a9d0b000 r--p 0000a000 08:05 1981349                    /lib/x86_64-linux-gnu/libnss_files-2.23.so
7f77a9d0b000-7f77a9d0c000 rw-p 0000b000 08:05 1981349                    /lib/x86_64-linux-gnu/libnss_files-2.23.so
7f77a9d0c000-7f77a9d12000 rw-p 00000000 00:00 0 
7f77a9d12000-7f77a9d1d000 r-xp 00000000 08:05 1981353                    /lib/x86_64-linux-gnu/libnss_nis-2.23.so
7f77a9d1d000-7f77a9f1c000 ---p 0000b000 08:05 1981353                    /lib/x86_64-linux-gnu/libnss_nis-2.23.so
7f77a9f1c000-7f77a9f1d000 r--p 0000a000 08:05 1981353                    /lib/x86_64-linux-gnu/libnss_nis-2.23.so
7f77a9f1d000-7f77a9f1e000 rw-p 0000b000 08:05 1981353                    /lib/x86_64-linux-gnu/libnss_nis-2.23.so
7f77a9f1e000-7f77a9f34000 r-xp 00000000 08:05 1981333                    /lib/x86_64-linux-gnu/libnsl-2.23.so
7f77a9f34000-7f77aa133000 ---p 00016000 08:05 1981333                    /lib/x86_64-linux-gnu/libnsl-2.23.so
7f77aa133000-7f77aa134000 r--p 00015000 08:05 1981333                    /lib/x86_64-linux-gnu/libnsl-2.23.so
7f77aa134000-7f77aa135000 rw-p 00016000 08:05 1981333                    /lib/x86_64-linux-gnu/libnsl-2.23.so
7f77aa135000-7f77aa137000 rw-p 00000000 00:00 0 
7f77aa137000-7f77aa13f000 r-xp 00000000 08:05 1981344                    /lib/x86_64-linux-gnu/libnss_compat-2.23.so
7f77aa13f000-7f77aa33e000 ---p 00008000 08:05 1981344                    /lib/x86_64-linux-gnu/libnss_compat-2.23.so
7f77aa33e000-7f77aa33f000 r--p 00007000 08:05 1981344                    /lib/x86_64-linux-gnu/libnss_compat-2.23.so
7f77aa33f000-7f77aa340000 rw-p 00008000 08:05 1981344                    /lib/x86_64-linux-gnu/libnss_compat-2.23.so
7f77aa340000-7f77aa36b000 r-xp 00000000 08:05 2720                       /usr/lib/jvm/jdk1.8.0_131/jre/lib/amd64/libjava.so
7f77aa36b000-7f77aa56a000 ---p 0002b000 08:05 2720                       /usr/lib/jvm/jdk1.8.0_131/jre/lib/amd64/libjava.so
7f77aa56a000-7f77aa56c000 rw-p 0002a000 08:05 2720                       /usr/lib/jvm/jdk1.8.0_131/jre/lib/amd64/libjava.so
7f77aa56c000-7f77aa579000 r-xp 00000000 08:05 2725                       /usr/lib/jvm/jdk1.8.0_131/jre/lib/amd64/libverify.so
7f77aa579000-7f77aa778000 ---p 0000d000 08:05 2725                       /usr/lib/jvm/jdk1.8.0_131/jre/lib/amd64/libverify.so
7f77aa778000-7f77aa77a000 rw-p 0000c000 08:05 2725                       /usr/lib/jvm/jdk1.8.0_131/jre/lib/amd64/libverify.so
7f77aa77a000-7f77aa781000 r-xp 00000000 08:05 1981354                    /lib/x86_64-linux-gnu/librt-2.23.so
7f77aa781000-7f77aa980000 ---p 00007000 08:05 1981354                    /lib/x86_64-linux-gnu/librt-2.23.so
7f77aa980000-7f77aa981000 r--p 00006000 08:05 1981354                    /lib/x86_64-linux-gnu/librt-2.23.so
7f77aa981000-7f77aa982000 rw-p 00007000 08:05 1981354                    /lib/x86_64-linux-gnu/librt-2.23.so
7f77aa982000-7f77aaa8a000 r-xp 00000000 08:05 1971472                    /lib/x86_64-linux-gnu/libm-2.23.so
7f77aaa8a000-7f77aac89000 ---p 00108000 08:05 1971472                    /lib/x86_64-linux-gnu/libm-2.23.so
7f77aac89000-7f77aac8a000 r--p 00107000 08:05 1971472                    /lib/x86_64-linux-gnu/libm-2.23.so
7f77aac8a000-7f77aac8b000 rw-p 00108000 08:05 1971472                    /lib/x86_64-linux-gnu/libm-2.23.so
7f77aac8b000-7f77ab95a000 r-xp 00000000 08:05 2703                       /usr/lib/jvm/jdk1.8.0_131/jre/lib/amd64/server/libjvm.so
7f77ab95a000-7f77abb5a000 ---p 00ccf000 08:05 2703                       /usr/lib/jvm/jdk1.8.0_131/jre/lib/amd64/server/libjvm.so
7f77abb5a000-7f77abc33000 rw-p 00ccf000 08:05 2703                       /usr/lib/jvm/jdk1.8.0_131/jre/lib/amd64/server/libjvm.so
7f77abc33000-7f77abc7e000 rw-p 00000000 00:00 0 
7f77abc7e000-7f77abe3e000 r-xp 00000000 08:05 1981336                    /lib/x86_64-linux-gnu/libc-2.23.so
7f77abe3e000-7f77ac03e000 ---p 001c0000 08:05 1981336                    /lib/x86_64-linux-gnu/libc-2.23.so
7f77ac03e000-7f77ac042000 r--p 001c0000 08:05 1981336                    /lib/x86_64-linux-gnu/libc-2.23.so
7f77ac042000-7f77ac044000 rw-p 001c4000 08:05 1981336                    /lib/x86_64-linux-gnu/libc-2.23.so
7f77ac044000-7f77ac048000 rw-p 00000000 00:00 0 
7f77ac048000-7f77ac04b000 r-xp 00000000 08:05 1981338                    /lib/x86_64-linux-gnu/libdl-2.23.so
7f77ac04b000-7f77ac24a000 ---p 00003000 08:05 1981338                    /lib/x86_64-linux-gnu/libdl-2.23.so
7f77ac24a000-7f77ac24b000 r--p 00002000 08:05 1981338                    /lib/x86_64-linux-gnu/libdl-2.23.so
7f77ac24b000-7f77ac24c000 rw-p 00003000 08:05 1981338                    /lib/x86_64-linux-gnu/libdl-2.23.so
7f77ac24c000-7f77ac261000 r-xp 00000000 08:05 2259645                    /usr/lib/jvm/jdk1.8.0_131/lib/amd64/jli/libjli.so
7f77ac261000-7f77ac461000 ---p 00015000 08:05 2259645                    /usr/lib/jvm/jdk1.8.0_131/lib/amd64/jli/libjli.so
7f77ac461000-7f77ac462000 rw-p 00015000 08:05 2259645                    /usr/lib/jvm/jdk1.8.0_131/lib/amd64/jli/libjli.so
7f77ac462000-7f77ac47a000 r-xp 00000000 08:05 1981335                    /lib/x86_64-linux-gnu/libpthread-2.23.so
7f77ac47a000-7f77ac679000 ---p 00018000 08:05 1981335                    /lib/x86_64-linux-gnu/libpthread-2.23.so
7f77ac679000-7f77ac67a000 r--p 00017000 08:05 1981335                    /lib/x86_64-linux-gnu/libpthread-2.23.so
7f77ac67a000-7f77ac67b000 rw-p 00018000 08:05 1981335                    /lib/x86_64-linux-gnu/libpthread-2.23.so
7f77ac67b000-7f77ac67f000 rw-p 00000000 00:00 0 
7f77ac67f000-7f77ac6a5000 r-xp 00000000 08:05 1981334                    /lib/x86_64-linux-gnu/ld-2.23.so
7f77ac6ad000-7f77ac778000 rw-p 00000000 00:00 0 
7f77ac778000-7f77ac77b000 ---p 00000000 00:00 0 
7f77ac77b000-7f77ac87d000 rw-p 00000000 00:00 0 
7f77ac882000-7f77ac887000 r--s 0009a000 08:05 2573                       /usr/lib/jvm/jdk1.8.0_131/jre/lib/jsse.jar
7f77ac887000-7f77ac891000 r--s 00116000 08:05 2584                       /usr/lib/jvm/jdk1.8.0_131/jre/lib/ext/localedata.jar
7f77ac891000-7f77ac897000 r--s 0006b000 08:12 12065557                   /home/spy/Downloads/Source/C/opencv/build/bin/opencv-401.jar
7f77ac897000-7f77ac899000 r--s 0000d000 08:05 543524                     /usr/share/java/RXTXcomm-2.2pre2.jar
7f77ac899000-7f77ac8a1000 rw-s 00000000 08:05 406072                     /tmp/hsperfdata_spy/9288
7f77ac8a1000-7f77ac8a2000 rw-p 00000000 00:00 0 
7f77ac8a2000-7f77ac8a3000 r--p 00000000 00:00 0 
7f77ac8a3000-7f77ac8a4000 rw-p 00000000 00:00 0 
7f77ac8a4000-7f77ac8a5000 r--p 00025000 08:05 1981334                    /lib/x86_64-linux-gnu/ld-2.23.so
7f77ac8a5000-7f77ac8a6000 rw-p 00026000 08:05 1981334                    /lib/x86_64-linux-gnu/ld-2.23.so
7f77ac8a6000-7f77ac8a7000 rw-p 00000000 00:00 0 
7ffe1ea70000-7ffe1ea91000 rw-p 00000000 00:00 0                          [stack]
7ffe1ebd9000-7ffe1ebdc000 r--p 00000000 00:00 0                          [vvar]
7ffe1ebdc000-7ffe1ebde000 r-xp 00000000 00:00 0                          [vdso]
ffffffffff600000-ffffffffff601000 r-xp 00000000 00:00 0                  [vsyscall]

VM Arguments:
jvm_args: -Dfile.encoding=UTF-8 
java_command: AI.AI
java_class_path (initial): /usr/share/java/RXTXcomm.jar:/home/spy/Java/AIBase/build/classes:/home/spy/Downloads/Source/C/opencv/build/bin/opencv-401.jar:/home/spy/Java/AIRobot/build/classes
Launcher Type: SUN_STANDARD

Environment Variables:
PATH=/home/spy/bin:/home/spy/.local/bin:/usr/local/sbin:/usr/local/bin:/usr/sbin:/usr/bin:/sbin:/bin:/usr/games:/usr/local/games:/snap/bin:/usr/local/go/bin:/home/spy/go/bin
LD_LIBRARY_PATH=/usr/lib/jvm/default-java/bin/../jre/lib/amd64:/usr/lib/jvm/default-java/bin/../jre/lib/i386:
SHELL=/bin/bash
DISPLAY=:0

Signal Handlers:
SIGSEGV: [libjvm.so+0xac8af0], sa_mask[0]=11111111011111111101111111111110, sa_flags=SA_RESTART|SA_SIGINFO
SIGBUS: [libjvm.so+0xac8af0], sa_mask[0]=11111111011111111101111111111110, sa_flags=SA_RESTART|SA_SIGINFO
SIGFPE: [libjvm.so+0x921dd0], sa_mask[0]=11111111011111111101111111111110, sa_flags=SA_RESTART|SA_SIGINFO
SIGPIPE: [libjvm.so+0x921dd0], sa_mask[0]=11111111011111111101111111111110, sa_flags=SA_RESTART|SA_SIGINFO
SIGXFSZ: [libjvm.so+0x921dd0], sa_mask[0]=11111111011111111101111111111110, sa_flags=SA_RESTART|SA_SIGINFO
SIGILL: [libjvm.so+0x921dd0], sa_mask[0]=11111111011111111101111111111110, sa_flags=SA_RESTART|SA_SIGINFO
SIGUSR1: SIG_DFL, sa_mask[0]=00000000000000000000000000000000, sa_flags=none
SIGUSR2: [libjvm.so+0x923610], sa_mask[0]=00100000000000000000000000000000, sa_flags=SA_RESTART|SA_SIGINFO
SIGHUP: [libjvm.so+0x924a10], sa_mask[0]=11111111011111111101111111111110, sa_flags=SA_RESTART|SA_SIGINFO
SIGINT: SIG_IGN, sa_mask[0]=00000000000000000000000000000000, sa_flags=none
SIGTERM: [libjvm.so+0x924a10], sa_mask[0]=11111111011111111101111111111110, sa_flags=SA_RESTART|SA_SIGINFO
SIGQUIT: [libjvm.so+0x924a10], sa_mask[0]=11111111011111111101111111111110, sa_flags=SA_RESTART|SA_SIGINFO


---------------  S Y S T E M  ---------------

OS:DISTRIB_ID=Ubuntu
DISTRIB_RELEASE=16.04
DISTRIB_CODENAME=xenial
DISTRIB_DESCRIPTION="Ubuntu 16.04.5 LTS"

uname:Linux 4.15.0-43-generic #46~16.04.1-Ubuntu SMP Fri Dec 7 13:31:08 UTC 2018 x86_64
libc:glibc 2.23 NPTL 2.23 
rlimit: STACK 8192k, CORE 0k, NPROC 30925, NOFILE 1048576, AS infinity
load average:1,68 1,95 2,16

/proc/meminfo:
MemTotal:        8027968 kB
MemFree:         2841688 kB
MemAvailable:    5650032 kB
Buffers:          322124 kB
Cached:          2796300 kB
SwapCached:            0 kB
Active:          3148068 kB
Inactive:        1475964 kB
Active(anon):    1510344 kB
Inactive(anon):   296044 kB
Active(file):    1637724 kB
Inactive(file):  1179920 kB
Unevictable:          68 kB
Mlocked:              68 kB
SwapTotal:       7806972 kB
SwapFree:        7806972 kB
Dirty:               792 kB
Writeback:             0 kB
AnonPages:       1505680 kB
Mapped:           340872 kB
Shmem:            300784 kB
Slab:             414752 kB
SReclaimable:     304588 kB
SUnreclaim:       110164 kB
KernelStack:       10944 kB
PageTables:        34032 kB
NFS_Unstable:          0 kB
Bounce:                0 kB
WritebackTmp:          0 kB
CommitLimit:    11820956 kB
Committed_AS:    5510156 kB
VmallocTotal:   34359738367 kB
VmallocUsed:           0 kB
VmallocChunk:          0 kB
HardwareCorrupted:     0 kB
AnonHugePages:         0 kB
ShmemHugePages:        0 kB
ShmemPmdMapped:        0 kB
CmaTotal:              0 kB
CmaFree:               0 kB
HugePages_Total:       0
HugePages_Free:        0
HugePages_Rsvd:        0
HugePages_Surp:        0
Hugepagesize:       2048 kB
DirectMap4k:      252432 kB
DirectMap2M:     5900288 kB
DirectMap1G:     2097152 kB


CPU:total 8 (initial active 8) (4 cores per cpu, 2 threads per core) family 6 model 94 stepping 3, cmov, cx8, fxsr, mmx, sse, sse2, sse3, ssse3, sse4.1, sse4.2, popcnt, avx, avx2, aes, clmul, erms, rtm, 3dnowpref, lzcnt, ht, tsc, tscinvbit, bmi1, bmi2, adx

/proc/cpuinfo:
processor	: 0
vendor_id	: GenuineIntel
cpu family	: 6
model		: 94
model name	: Intel(R) Core(TM) i7-6700HQ CPU @ 2.60GHz
stepping	: 3
microcode	: 0xc6
cpu MHz		: 1785.483
cache size	: 6144 KB
physical id	: 0
siblings	: 8
core id		: 0
cpu cores	: 4
apicid		: 0
initial apicid	: 0
fpu		: yes
fpu_exception	: yes
cpuid level	: 22
wp		: yes
flags		: fpu vme de pse tsc msr pae mce cx8 apic sep mtrr pge mca cmov pat pse36 clflush dts acpi mmx fxsr sse sse2 ss ht tm pbe syscall nx pdpe1gb rdtscp lm constant_tsc art arch_perfmon pebs bts rep_good nopl xtopology nonstop_tsc cpuid aperfmperf tsc_known_freq pni pclmulqdq dtes64 monitor ds_cpl vmx est tm2 ssse3 sdbg fma cx16 xtpr pdcm pcid sse4_1 sse4_2 x2apic movbe popcnt tsc_deadline_timer aes xsave avx f16c rdrand lahf_lm abm 3dnowprefetch cpuid_fault epb invpcid_single pti ssbd ibrs ibpb stibp tpr_shadow vnmi flexpriority ept vpid fsgsbase tsc_adjust bmi1 hle avx2 smep bmi2 erms invpcid rtm mpx rdseed adx smap clflushopt intel_pt xsaveopt xsavec xgetbv1 xsaves dtherm ida arat pln pts hwp hwp_notify hwp_act_window hwp_epp flush_l1d
bugs		: cpu_meltdown spectre_v1 spectre_v2 spec_store_bypass l1tf
bogomips	: 5184.00
clflush size	: 64
cache_alignment	: 64
address sizes	: 39 bits physical, 48 bits virtual
power management:

processor	: 1
vendor_id	: GenuineIntel
cpu family	: 6
model		: 94
model name	: Intel(R) Core(TM) i7-6700HQ CPU @ 2.60GHz
stepping	: 3
microcode	: 0xc6
cpu MHz		: 1718.430
cache size	: 6144 KB
physical id	: 0
siblings	: 8
core id		: 1
cpu cores	: 4
apicid		: 2
initial apicid	: 2
fpu		: yes
fpu_exception	: yes
cpuid level	: 22
wp		: yes
flags		: fpu vme de pse tsc msr pae mce cx8 apic sep mtrr pge mca cmov pat pse36 clflush dts acpi mmx fxsr sse sse2 ss ht tm pbe syscall nx pdpe1gb rdtscp lm constant_tsc art arch_perfmon pebs bts rep_good nopl xtopology nonstop_tsc cpuid aperfmperf tsc_known_freq pni pclmulqdq dtes64 monitor ds_cpl vmx est tm2 ssse3 sdbg fma cx16 xtpr pdcm pcid sse4_1 sse4_2 x2apic movbe popcnt tsc_deadline_timer aes xsave avx f16c rdrand lahf_lm abm 3dnowprefetch cpuid_fault epb invpcid_single pti ssbd ibrs ibpb stibp tpr_shadow vnmi flexpriority ept vpid fsgsbase tsc_adjust bmi1 hle avx2 smep bmi2 erms invpcid rtm mpx rdseed adx smap clflushopt intel_pt xsaveopt xsavec xgetbv1 xsaves dtherm ida arat pln pts hwp hwp_notify hwp_act_window hwp_epp flush_l1d
bugs		: cpu_meltdown spectre_v1 spectre_v2 spec_store_bypass l1tf
bogomips	: 5184.00
clflush size	: 64
cache_alignment	: 64
address sizes	: 39 bits physical, 48 bits virtual
power management:

processor	: 2
vendor_id	: GenuineIntel
cpu family	: 6
model		: 94
model name	: Intel(R) Core(TM) i7-6700HQ CPU @ 2.60GHz
stepping	: 3
microcode	: 0xc6
cpu MHz		: 1897.325
cache size	: 6144 KB
physical id	: 0
siblings	: 8
core id		: 2
cpu cores	: 4
apicid		: 4
initial apicid	: 4
fpu		: yes
fpu_exception	: yes
cpuid level	: 22
wp		: yes
flags		: fpu vme de pse tsc msr pae mce cx8 apic sep mtrr pge mca cmov pat pse36 clflush dts acpi mmx fxsr sse sse2 ss ht tm pbe syscall nx pdpe1gb rdtscp lm constant_tsc art arch_perfmon pebs bts rep_good nopl xtopology nonstop_tsc cpuid aperfmperf tsc_known_freq pni pclmulqdq dtes64 monitor ds_cpl vmx est tm2 ssse3 sdbg fma cx16 xtpr pdcm pcid sse4_1 sse4_2 x2apic movbe popcnt tsc_deadline_timer aes xsave avx f16c rdrand lahf_lm abm 3dnowprefetch cpuid_fault epb invpcid_single pti ssbd ibrs ibpb stibp tpr_shadow vnmi flexpriority ept vpid fsgsbase tsc_adjust bmi1 hle avx2 smep bmi2 erms invpcid rtm mpx rdseed adx smap clflushopt intel_pt xsaveopt xsavec xgetbv1 xsaves dtherm ida arat pln pts hwp hwp_notify hwp_act_window hwp_epp flush_l1d
bugs		: cpu_meltdown spectre_v1 spectre_v2 spec_store_bypass l1tf
bogomips	: 5184.00
clflush size	: 64
cache_alignment	: 64
address sizes	: 39 bits physical, 48 bits virtual
power management:

processor	: 3
vendor_id	: GenuineIntel
cpu family	: 6
model		: 94
model name	: Intel(R) Core(TM) i7-6700HQ CPU @ 2.60GHz
stepping	: 3
microcode	: 0xc6
cpu MHz		: 1811.836
cache size	: 6144 KB
physical id	: 0
siblings	: 8
core id		: 3
cpu cores	: 4
apicid		: 6
initial apicid	: 6
fpu		: yes
fpu_exception	: yes
cpuid level	: 22
wp		: yes
flags		: fpu vme de pse tsc msr pae mce cx8 apic sep mtrr pge mca cmov pat pse36 clflush dts acpi mmx fxsr sse sse2 ss ht tm pbe syscall nx pdpe1gb rdtscp lm constant_tsc art arch_perfmon pebs bts rep_good nopl xtopology nonstop_tsc cpuid aperfmperf tsc_known_freq pni pclmulqdq dtes64 monitor ds_cpl vmx est tm2 ssse3 sdbg fma cx16 xtpr pdcm pcid sse4_1 sse4_2 x2apic movbe popcnt tsc_deadline_timer aes xsave avx f16c rdrand lahf_lm abm 3dnowprefetch cpuid_fault epb invpcid_single pti ssbd ibrs ibpb stibp tpr_shadow vnmi flexpriority ept vpid fsgsbase tsc_adjust bmi1 hle avx2 smep bmi2 erms invpcid rtm mpx rdseed adx smap clflushopt intel_pt xsaveopt xsavec xgetbv1 xsaves dtherm ida arat pln pts hwp hwp_notify hwp_act_window hwp_epp flush_l1d
bugs		: cpu_meltdown spectre_v1 spectre_v2 spec_store_bypass l1tf
bogomips	: 5184.00
clflush size	: 64
cache_alignment	: 64
address sizes	: 39 bits physical, 48 bits virtual
power management:

processor	: 4
vendor_id	: GenuineIntel
cpu family	: 6
model		: 94
model name	: Intel(R) Core(TM) i7-6700HQ CPU @ 2.60GHz
stepping	: 3
microcode	: 0xc6
cpu MHz		: 1851.455
cache size	: 6144 KB
physical id	: 0
siblings	: 8
core id		: 0
cpu cores	: 4
apicid		: 1
initial apicid	: 1
fpu		: yes
fpu_exception	: yes
cpuid level	: 22
wp		: yes
flags		: fpu vme de pse tsc msr pae mce cx8 apic sep mtrr pge mca cmov pat pse36 clflush dts acpi mmx fxsr sse sse2 ss ht tm pbe syscall nx pdpe1gb rdtscp lm constant_tsc art arch_perfmon pebs bts rep_good nopl xtopology nonstop_tsc cpuid aperfmperf tsc_known_freq pni pclmulqdq dtes64 monitor ds_cpl vmx est tm2 ssse3 sdbg fma cx16 xtpr pdcm pcid sse4_1 sse4_2 x2apic movbe popcnt tsc_deadline_timer aes xsave avx f16c rdrand lahf_lm abm 3dnowprefetch cpuid_fault epb invpcid_single pti ssbd ibrs ibpb stibp tpr_shadow vnmi flexpriority ept vpid fsgsbase tsc_adjust bmi1 hle avx2 smep bmi2 erms invpcid rtm mpx rdseed adx smap clflushopt intel_pt xsaveopt xsavec xgetbv1 xsaves dtherm ida arat pln pts hwp hwp_notify hwp_act_window hwp_epp flush_l1d
bugs		: cpu_meltdown spectre_v1 spectre_v2 spec_store_bypass l1tf
bogomips	: 5184.00
clflush size	: 64
cache_alignment	: 64
address sizes	: 39 bits physical, 48 bits virtual
power management:

processor	: 5
vendor_id	: GenuineIntel
cpu family	: 6
model		: 94
model name	: Intel(R) Core(TM) i7-6700HQ CPU @ 2.60GHz
stepping	: 3
microcode	: 0xc6
cpu MHz		: 1787.273
cache size	: 6144 KB
physical id	: 0
siblings	: 8
core id		: 1
cpu cores	: 4
apicid		: 3
initial apicid	: 3
fpu		: yes
fpu_exception	: yes
cpuid level	: 22
wp		: yes
flags		: fpu vme de pse tsc msr pae mce cx8 apic sep mtrr pge mca cmov pat pse36 clflush dts acpi mmx fxsr sse sse2 ss ht tm pbe syscall nx pdpe1gb rdtscp lm constant_tsc art arch_perfmon pebs bts rep_good nopl xtopology nonstop_tsc cpuid aperfmperf tsc_known_freq pni pclmulqdq dtes64 monitor ds_cpl vmx est tm2 ssse3 sdbg fma cx16 xtpr pdcm pcid sse4_1 sse4_2 x2apic movbe popcnt tsc_deadline_timer aes xsave avx f16c rdrand lahf_lm abm 3dnowprefetch cpuid_fault epb invpcid_single pti ssbd ibrs ibpb stibp tpr_shadow vnmi flexpriority ept vpid fsgsbase tsc_adjust bmi1 hle avx2 smep bmi2 erms invpcid rtm mpx rdseed adx smap clflushopt intel_pt xsaveopt xsavec xgetbv1 xsaves dtherm ida arat pln pts hwp hwp_notify hwp_act_window hwp_epp flush_l1d
bugs		: cpu_meltdown spectre_v1 spectre_v2 spec_store_bypass l1tf
bogomips	: 5184.00
clflush size	: 64
cache_alignment	: 64
address sizes	: 39 bits physical, 48 bits virtual
power management:

processor	: 6
vendor_id	: GenuineIntel
cpu family	: 6
model		: 94
model name	: Intel(R) Core(TM) i7-6700HQ CPU @ 2.60GHz
stepping	: 3
microcode	: 0xc6
cpu MHz		: 1895.219
cache size	: 6144 KB
physical id	: 0
siblings	: 8
core id		: 2
cpu cores	: 4
apicid		: 5
initial apicid	: 5
fpu		: yes
fpu_exception	: yes
cpuid level	: 22
wp		: yes
flags		: fpu vme de pse tsc msr pae mce cx8 apic sep mtrr pge mca cmov pat pse36 clflush dts acpi mmx fxsr sse sse2 ss ht tm pbe syscall nx pdpe1gb rdtscp lm constant_tsc art arch_perfmon pebs bts rep_good nopl xtopology nonstop_tsc cpuid aperfmperf tsc_known_freq pni pclmulqdq dtes64 monitor ds_cpl vmx est tm2 ssse3 sdbg fma cx16 xtpr pdcm pcid sse4_1 sse4_2 x2apic movbe popcnt tsc_deadline_timer aes xsave avx f16c rdrand lahf_lm abm 3dnowprefetch cpuid_fault epb invpcid_single pti ssbd ibrs ibpb stibp tpr_shadow vnmi flexpriority ept vpid fsgsbase tsc_adjust bmi1 hle avx2 smep bmi2 erms invpcid rtm mpx rdseed adx smap clflushopt intel_pt xsaveopt xsavec xgetbv1 xsaves dtherm ida arat pln pts hwp hwp_notify hwp_act_window hwp_epp flush_l1d
bugs		: cpu_meltdown spectre_v1 spectre_v2 spec_store_bypass l1tf
bogomips	: 5184.00
clflush size	: 64
cache_alignment	: 64
address sizes	: 39 bits physical, 48 bits virtual
power management:

processor	: 7
vendor_id	: GenuineIntel
cpu family	: 6
model		: 94
model name	: Intel(R) Core(TM) i7-6700HQ CPU @ 2.60GHz
stepping	: 3
microcode	: 0xc6
cpu MHz		: 1867.909
cache size	: 6144 KB
physical id	: 0
siblings	: 8
core id		: 3
cpu cores	: 4
apicid		: 7
initial apicid	: 7
fpu		: yes
fpu_exception	: yes
cpuid level	: 22
wp		: yes
flags		: fpu vme de pse tsc msr pae mce cx8 apic sep mtrr pge mca cmov pat pse36 clflush dts acpi mmx fxsr sse sse2 ss ht tm pbe syscall nx pdpe1gb rdtscp lm constant_tsc art arch_perfmon pebs bts rep_good nopl xtopology nonstop_tsc cpuid aperfmperf tsc_known_freq pni pclmulqdq dtes64 monitor ds_cpl vmx est tm2 ssse3 sdbg fma cx16 xtpr pdcm pcid sse4_1 sse4_2 x2apic movbe popcnt tsc_deadline_timer aes xsave avx f16c rdrand lahf_lm abm 3dnowprefetch cpuid_fault epb invpcid_single pti ssbd ibrs ibpb stibp tpr_shadow vnmi flexpriority ept vpid fsgsbase tsc_adjust bmi1 hle avx2 smep bmi2 erms invpcid rtm mpx rdseed adx smap clflushopt intel_pt xsaveopt xsavec xgetbv1 xsaves dtherm ida arat pln pts hwp hwp_notify hwp_act_window hwp_epp flush_l1d
bugs		: cpu_meltdown spectre_v1 spectre_v2 spec_store_bypass l1tf
bogomips	: 5184.00
clflush size	: 64
cache_alignment	: 64
address sizes	: 39 bits physical, 48 bits virtual
power management:



Memory: 4k page, physical 8027968k(2840696k free), swap 7806972k(7806972k free)

vm_info: Java HotSpot(TM) 64-Bit Server VM (25.131-b11) for linux-amd64 JRE (1.8.0_131-b11), built on Mar 15 2017 01:23:40 by "java_re" with gcc 4.3.0 20080428 (Red Hat 4.3.0-8)

time: Sat Jan 26 09:51:29 2019
elapsed time: 3 seconds (0d 0h 0m 3s)

